2024-05-10 20:11:12.328 [error] [/home/cyrus/.vscode/extensions/ms-toolsai.jupyter-2024.4.0-linux-x64]: Extension is not compatible with Code 1.88.1. Extension requires: ^1.89.0.
2024-05-10 20:11:12.337 [error] [/home/cyrus/.vscode/extensions/ms-toolsai.jupyter-2024.4.0-linux-x64]: Extension is not compatible with Code 1.88.1. Extension requires: ^1.89.0.
2024-05-10 20:11:12.371 [error] [/home/cyrus/.vscode/extensions/ms-toolsai.jupyter-2024.4.0-linux-x64]: Extension is not compatible with Code 1.88.1. Extension requires: ^1.89.0.
2024-05-10 20:11:12.413 [error] [/home/cyrus/.vscode/extensions/ms-toolsai.jupyter-2024.4.0-linux-x64]: Extension is not compatible with Code 1.88.1. Extension requires: ^1.89.0.
2024-05-10 20:11:12.417 [error] [/home/cyrus/.vscode/extensions/ms-toolsai.jupyter-2024.4.0-linux-x64]: Extension is not compatible with Code 1.88.1. Extension requires: ^1.89.0.
2024-05-10 20:11:12.445 [error] [/home/cyrus/.vscode/extensions/ms-toolsai.jupyter-2024.4.0-linux-x64]: Extension is not compatible with Code 1.88.1. Extension requires: ^1.89.0.
2024-05-10 20:11:12.532 [error] [/home/cyrus/.vscode/extensions/ms-toolsai.jupyter-2024.4.0-linux-x64]: Extension is not compatible with Code 1.88.1. Extension requires: ^1.89.0.
2024-05-10 20:11:12.678 [error] [/home/cyrus/.vscode/extensions/ms-toolsai.jupyter-2024.4.0-linux-x64]: Extension is not compatible with Code 1.88.1. Extension requires: ^1.89.0.
2024-05-10 20:11:12.694 [error] [/home/cyrus/.vscode/extensions/ms-toolsai.jupyter-2024.4.0-linux-x64]: Extension is not compatible with Code 1.88.1. Extension requires: ^1.89.0.
2024-05-10 20:11:12.827 [error] [/home/cyrus/.vscode/extensions/ms-toolsai.jupyter-2024.4.0-linux-x64]: Extension is not compatible with Code 1.88.1. Extension requires: ^1.89.0.
2024-05-10 20:11:12.924 [error] [/home/cyrus/.vscode/extensions/ms-toolsai.jupyter-2024.4.0-linux-x64]: Extension is not compatible with Code 1.88.1. Extension requires: ^1.89.0.
2024-05-10 20:11:13.070 [error] [/home/cyrus/.vscode/extensions/ms-toolsai.jupyter-2024.4.0-linux-x64]: Extension is not compatible with Code 1.88.1. Extension requires: ^1.89.0.
2024-05-10 20:11:13.148 [error] [/home/cyrus/.vscode/extensions/ms-toolsai.jupyter-2024.4.0-linux-x64]: Extension is not compatible with Code 1.88.1. Extension requires: ^1.89.0.
2024-05-10 20:11:13.340 [error] [/home/cyrus/.vscode/extensions/ms-toolsai.jupyter-2024.4.0-linux-x64]: Extension is not compatible with Code 1.88.1. Extension requires: ^1.89.0.
2024-05-10 20:11:13.351 [error] [/home/cyrus/.vscode/extensions/ms-toolsai.jupyter-2024.4.0-linux-x64]: Extension is not compatible with Code 1.88.1. Extension requires: ^1.89.0.
2024-05-10 20:11:14.469 [error] [/home/cyrus/.vscode/extensions/ms-toolsai.jupyter-2024.4.0-linux-x64]: Extension is not compatible with Code 1.88.1. Extension requires: ^1.89.0.
2024-05-10 20:11:14.563 [error] [/home/cyrus/.vscode/extensions/ms-toolsai.jupyter-2024.4.0-linux-x64]: Extension is not compatible with Code 1.88.1. Extension requires: ^1.89.0.
2024-05-10 20:11:14.569 [error] [/home/cyrus/.vscode/extensions/ms-toolsai.jupyter-2024.4.0-linux-x64]: Extension is not compatible with Code 1.88.1. Extension requires: ^1.89.0.
2024-05-10 20:11:15.190 [error] [/home/cyrus/.vscode/extensions/ms-toolsai.jupyter-2024.4.0-linux-x64]: Extension is not compatible with Code 1.88.1. Extension requires: ^1.89.0.
2024-05-10 20:11:42.824 [info] Getting Manifest... ms-toolsai.jupyter
2024-05-10 20:11:42.831 [info] Installing extension: ms-toolsai.jupyter
2024-05-10 20:11:42.970 [error] [/home/cyrus/.vscode/extensions/ms-toolsai.jupyter-2024.4.0-linux-x64]: Extension is not compatible with Code 1.88.1. Extension requires: ^1.89.0.
2024-05-10 20:11:42.978 [info] Extension installed successfully: ms-toolsai.jupyter
2024-05-10 20:11:43.053 [error] [uncaught exception in sharedProcess]: Error: ENOENT: no such file or directory, stat '/home/cyrus/.vscode/extensions/extensions.json.vsctmp': EntryNotFound (FileSystemError): Error: ENOENT: no such file or directory, stat '/home/cyrus/.vscode/extensions/extensions.json.vsctmp'
    at r.create (/opt/visual-studio-code/resources/app/out/vs/code/node/sharedProcess/sharedProcessMain.js:53:30080)
    at a (/opt/visual-studio-code/resources/app/out/vs/code/node/sharedProcess/sharedProcessMain.js:53:30195)
    at i.fb (/opt/visual-studio-code/resources/app/out/vs/code/node/sharedProcess/sharedProcessMain.js:58:36500)
    at i.stat (/opt/visual-studio-code/resources/app/out/vs/code/node/sharedProcess/sharedProcessMain.js:58:28946)
    at async $.stat (/opt/visual-studio-code/resources/app/out/vs/code/node/sharedProcess/sharedProcessMain.js:58:16092)
    at async K.sb (/opt/visual-studio-code/resources/app/out/vs/code/node/sharedProcess/sharedProcessMain.js:104:108402)
2024-05-10 20:16:14.604 [error] [/home/cyrus/.vscode/extensions/ms-toolsai.jupyter-2024.4.0-linux-x64]: Extension is not compatible with Code 1.88.1. Extension requires: ^1.89.0.
2024-05-10 20:21:14.621 [error] [/home/cyrus/.vscode/extensions/ms-toolsai.jupyter-2024.4.0-linux-x64]: Extension is not compatible with Code 1.88.1. Extension requires: ^1.89.0.
