2024-05-08 21:44:16.749 [error] [/home/cyrus/.vscode/extensions/ms-toolsai.jupyter-2024.4.0-linux-x64]: Extension is not compatible with Code 1.88.1. Extension requires: ^1.89.0.
2024-05-08 21:44:16.758 [error] [/home/cyrus/.vscode/extensions/ms-toolsai.jupyter-2024.4.0-linux-x64]: Extension is not compatible with Code 1.88.1. Extension requires: ^1.89.0.
2024-05-08 21:44:16.793 [error] [/home/cyrus/.vscode/extensions/ms-toolsai.jupyter-2024.4.0-linux-x64]: Extension is not compatible with Code 1.88.1. Extension requires: ^1.89.0.
2024-05-08 21:44:16.794 [error] [/home/cyrus/.vscode/extensions/ms-toolsai.jupyter-2024.4.0-linux-x64]: Extension is not compatible with Code 1.88.1. Extension requires: ^1.89.0.
2024-05-08 21:44:16.795 [error] [/home/cyrus/.vscode/extensions/ms-toolsai.jupyter-2024.4.0-linux-x64]: Extension is not compatible with Code 1.88.1. Extension requires: ^1.89.0.
2024-05-08 21:44:16.838 [error] [/home/cyrus/.vscode/extensions/ms-toolsai.jupyter-2024.4.0-linux-x64]: Extension is not compatible with Code 1.88.1. Extension requires: ^1.89.0.
2024-05-08 21:44:16.932 [error] [/home/cyrus/.vscode/extensions/ms-toolsai.jupyter-2024.4.0-linux-x64]: Extension is not compatible with Code 1.88.1. Extension requires: ^1.89.0.
2024-05-08 21:44:16.956 [error] [/home/cyrus/.vscode/extensions/ms-toolsai.jupyter-2024.4.0-linux-x64]: Extension is not compatible with Code 1.88.1. Extension requires: ^1.89.0.
2024-05-08 21:44:17.008 [error] [/home/cyrus/.vscode/extensions/ms-toolsai.jupyter-2024.4.0-linux-x64]: Extension is not compatible with Code 1.88.1. Extension requires: ^1.89.0.
2024-05-08 21:44:17.013 [error] [/home/cyrus/.vscode/extensions/ms-toolsai.jupyter-2024.4.0-linux-x64]: Extension is not compatible with Code 1.88.1. Extension requires: ^1.89.0.
2024-05-08 21:44:17.063 [error] [/home/cyrus/.vscode/extensions/ms-toolsai.jupyter-2024.4.0-linux-x64]: Extension is not compatible with Code 1.88.1. Extension requires: ^1.89.0.
2024-05-08 21:44:17.120 [error] [/home/cyrus/.vscode/extensions/ms-toolsai.jupyter-2024.4.0-linux-x64]: Extension is not compatible with Code 1.88.1. Extension requires: ^1.89.0.
2024-05-08 21:44:17.171 [error] [/home/cyrus/.vscode/extensions/ms-toolsai.jupyter-2024.4.0-linux-x64]: Extension is not compatible with Code 1.88.1. Extension requires: ^1.89.0.
2024-05-08 21:44:17.218 [error] [/home/cyrus/.vscode/extensions/ms-toolsai.jupyter-2024.4.0-linux-x64]: Extension is not compatible with Code 1.88.1. Extension requires: ^1.89.0.
2024-05-08 21:44:17.268 [error] [/home/cyrus/.vscode/extensions/ms-toolsai.jupyter-2024.4.0-linux-x64]: Extension is not compatible with Code 1.88.1. Extension requires: ^1.89.0.
2024-05-08 21:44:18.840 [error] [/home/cyrus/.vscode/extensions/ms-toolsai.jupyter-2024.4.0-linux-x64]: Extension is not compatible with Code 1.88.1. Extension requires: ^1.89.0.
2024-05-08 21:44:18.929 [error] [/home/cyrus/.vscode/extensions/ms-toolsai.jupyter-2024.4.0-linux-x64]: Extension is not compatible with Code 1.88.1. Extension requires: ^1.89.0.
2024-05-08 21:44:18.929 [error] [/home/cyrus/.vscode/extensions/ms-toolsai.jupyter-2024.4.0-linux-x64]: Extension is not compatible with Code 1.88.1. Extension requires: ^1.89.0.
2024-05-08 21:44:19.545 [error] [/home/cyrus/.vscode/extensions/ms-toolsai.jupyter-2024.4.0-linux-x64]: Extension is not compatible with Code 1.88.1. Extension requires: ^1.89.0.
2024-05-08 21:44:25.770 [error] [/home/cyrus/.vscode/extensions/ms-toolsai.jupyter-2024.4.0-linux-x64]: Extension is not compatible with Code 1.88.1. Extension requires: ^1.89.0.
2024-05-08 21:44:25.777 [error] [/home/cyrus/.vscode/extensions/ms-toolsai.jupyter-2024.4.0-linux-x64]: Extension is not compatible with Code 1.88.1. Extension requires: ^1.89.0.
2024-05-08 21:44:25.790 [error] [/home/cyrus/.vscode/extensions/ms-toolsai.jupyter-2024.4.0-linux-x64]: Extension is not compatible with Code 1.88.1. Extension requires: ^1.89.0.
2024-05-08 21:44:25.883 [error] [/home/cyrus/.vscode/extensions/ms-toolsai.jupyter-2024.4.0-linux-x64]: Extension is not compatible with Code 1.88.1. Extension requires: ^1.89.0.
2024-05-08 21:44:25.933 [error] [/home/cyrus/.vscode/extensions/ms-toolsai.jupyter-2024.4.0-linux-x64]: Extension is not compatible with Code 1.88.1. Extension requires: ^1.89.0.
2024-05-08 21:44:26.010 [error] [/home/cyrus/.vscode/extensions/ms-toolsai.jupyter-2024.4.0-linux-x64]: Extension is not compatible with Code 1.88.1. Extension requires: ^1.89.0.
2024-05-08 21:44:26.079 [error] [/home/cyrus/.vscode/extensions/ms-toolsai.jupyter-2024.4.0-linux-x64]: Extension is not compatible with Code 1.88.1. Extension requires: ^1.89.0.
2024-05-08 21:44:26.138 [error] [/home/cyrus/.vscode/extensions/ms-toolsai.jupyter-2024.4.0-linux-x64]: Extension is not compatible with Code 1.88.1. Extension requires: ^1.89.0.
2024-05-08 21:44:26.196 [error] [/home/cyrus/.vscode/extensions/ms-toolsai.jupyter-2024.4.0-linux-x64]: Extension is not compatible with Code 1.88.1. Extension requires: ^1.89.0.
2024-05-08 21:44:26.318 [error] [/home/cyrus/.vscode/extensions/ms-toolsai.jupyter-2024.4.0-linux-x64]: Extension is not compatible with Code 1.88.1. Extension requires: ^1.89.0.
2024-05-08 21:44:26.330 [error] [/home/cyrus/.vscode/extensions/ms-toolsai.jupyter-2024.4.0-linux-x64]: Extension is not compatible with Code 1.88.1. Extension requires: ^1.89.0.
2024-05-08 21:44:28.009 [error] [/home/cyrus/.vscode/extensions/ms-toolsai.jupyter-2024.4.0-linux-x64]: Extension is not compatible with Code 1.88.1. Extension requires: ^1.89.0.
2024-05-08 21:44:28.074 [error] [/home/cyrus/.vscode/extensions/ms-toolsai.jupyter-2024.4.0-linux-x64]: Extension is not compatible with Code 1.88.1. Extension requires: ^1.89.0.
2024-05-08 21:44:28.078 [error] [/home/cyrus/.vscode/extensions/ms-toolsai.jupyter-2024.4.0-linux-x64]: Extension is not compatible with Code 1.88.1. Extension requires: ^1.89.0.
2024-05-08 21:44:47.645 [info] Getting Manifest... ms-toolsai.jupyter
2024-05-08 21:44:47.660 [info] Installing extension: ms-toolsai.jupyter
2024-05-08 21:44:47.808 [error] [/home/cyrus/.vscode/extensions/ms-toolsai.jupyter-2024.4.0-linux-x64]: Extension is not compatible with Code 1.88.1. Extension requires: ^1.89.0.
2024-05-08 21:44:47.816 [info] Extension installed successfully: ms-toolsai.jupyter
2024-05-08 21:44:47.891 [error] [uncaught exception in sharedProcess]: Error: ENOENT: no such file or directory, stat '/home/cyrus/.vscode/extensions/extensions.json.vsctmp': EntryNotFound (FileSystemError): Error: ENOENT: no such file or directory, stat '/home/cyrus/.vscode/extensions/extensions.json.vsctmp'
    at r.create (/opt/visual-studio-code/resources/app/out/vs/code/node/sharedProcess/sharedProcessMain.js:53:30080)
    at a (/opt/visual-studio-code/resources/app/out/vs/code/node/sharedProcess/sharedProcessMain.js:53:30195)
    at i.fb (/opt/visual-studio-code/resources/app/out/vs/code/node/sharedProcess/sharedProcessMain.js:58:36500)
    at i.stat (/opt/visual-studio-code/resources/app/out/vs/code/node/sharedProcess/sharedProcessMain.js:58:28946)
    at async $.stat (/opt/visual-studio-code/resources/app/out/vs/code/node/sharedProcess/sharedProcessMain.js:58:16092)
    at async K.sb (/opt/visual-studio-code/resources/app/out/vs/code/node/sharedProcess/sharedProcessMain.js:104:108402)
2024-05-08 21:49:28.099 [error] [/home/cyrus/.vscode/extensions/ms-toolsai.jupyter-2024.4.0-linux-x64]: Extension is not compatible with Code 1.88.1. Extension requires: ^1.89.0.
2024-05-08 21:54:28.119 [error] [/home/cyrus/.vscode/extensions/ms-toolsai.jupyter-2024.4.0-linux-x64]: Extension is not compatible with Code 1.88.1. Extension requires: ^1.89.0.
2024-05-08 21:59:28.139 [error] [/home/cyrus/.vscode/extensions/ms-toolsai.jupyter-2024.4.0-linux-x64]: Extension is not compatible with Code 1.88.1. Extension requires: ^1.89.0.
2024-05-08 22:04:28.158 [error] [/home/cyrus/.vscode/extensions/ms-toolsai.jupyter-2024.4.0-linux-x64]: Extension is not compatible with Code 1.88.1. Extension requires: ^1.89.0.
2024-05-08 22:09:28.174 [error] [/home/cyrus/.vscode/extensions/ms-toolsai.jupyter-2024.4.0-linux-x64]: Extension is not compatible with Code 1.88.1. Extension requires: ^1.89.0.
2024-05-08 22:14:28.192 [error] [/home/cyrus/.vscode/extensions/ms-toolsai.jupyter-2024.4.0-linux-x64]: Extension is not compatible with Code 1.88.1. Extension requires: ^1.89.0.
2024-05-08 22:19:28.209 [error] [/home/cyrus/.vscode/extensions/ms-toolsai.jupyter-2024.4.0-linux-x64]: Extension is not compatible with Code 1.88.1. Extension requires: ^1.89.0.
2024-05-08 22:24:28.344 [error] [/home/cyrus/.vscode/extensions/ms-toolsai.jupyter-2024.4.0-linux-x64]: Extension is not compatible with Code 1.88.1. Extension requires: ^1.89.0.
2024-05-08 22:29:28.359 [error] [/home/cyrus/.vscode/extensions/ms-toolsai.jupyter-2024.4.0-linux-x64]: Extension is not compatible with Code 1.88.1. Extension requires: ^1.89.0.
2024-05-08 22:34:28.376 [error] [/home/cyrus/.vscode/extensions/ms-toolsai.jupyter-2024.4.0-linux-x64]: Extension is not compatible with Code 1.88.1. Extension requires: ^1.89.0.
2024-05-08 22:39:28.392 [error] [/home/cyrus/.vscode/extensions/ms-toolsai.jupyter-2024.4.0-linux-x64]: Extension is not compatible with Code 1.88.1. Extension requires: ^1.89.0.
2024-05-08 22:44:28.409 [error] [/home/cyrus/.vscode/extensions/ms-toolsai.jupyter-2024.4.0-linux-x64]: Extension is not compatible with Code 1.88.1. Extension requires: ^1.89.0.
2024-05-08 22:49:28.425 [error] [/home/cyrus/.vscode/extensions/ms-toolsai.jupyter-2024.4.0-linux-x64]: Extension is not compatible with Code 1.88.1. Extension requires: ^1.89.0.
2024-05-08 22:54:28.441 [error] [/home/cyrus/.vscode/extensions/ms-toolsai.jupyter-2024.4.0-linux-x64]: Extension is not compatible with Code 1.88.1. Extension requires: ^1.89.0.
2024-05-08 22:59:28.457 [error] [/home/cyrus/.vscode/extensions/ms-toolsai.jupyter-2024.4.0-linux-x64]: Extension is not compatible with Code 1.88.1. Extension requires: ^1.89.0.
2024-05-08 23:04:28.476 [error] [/home/cyrus/.vscode/extensions/ms-toolsai.jupyter-2024.4.0-linux-x64]: Extension is not compatible with Code 1.88.1. Extension requires: ^1.89.0.
2024-05-08 23:09:28.492 [error] [/home/cyrus/.vscode/extensions/ms-toolsai.jupyter-2024.4.0-linux-x64]: Extension is not compatible with Code 1.88.1. Extension requires: ^1.89.0.
2024-05-08 23:14:28.508 [error] [/home/cyrus/.vscode/extensions/ms-toolsai.jupyter-2024.4.0-linux-x64]: Extension is not compatible with Code 1.88.1. Extension requires: ^1.89.0.
2024-05-08 23:19:28.524 [error] [/home/cyrus/.vscode/extensions/ms-toolsai.jupyter-2024.4.0-linux-x64]: Extension is not compatible with Code 1.88.1. Extension requires: ^1.89.0.
2024-05-08 23:24:28.657 [error] [/home/cyrus/.vscode/extensions/ms-toolsai.jupyter-2024.4.0-linux-x64]: Extension is not compatible with Code 1.88.1. Extension requires: ^1.89.0.
2024-05-08 23:29:28.672 [error] [/home/cyrus/.vscode/extensions/ms-toolsai.jupyter-2024.4.0-linux-x64]: Extension is not compatible with Code 1.88.1. Extension requires: ^1.89.0.
2024-05-08 23:34:28.689 [error] [/home/cyrus/.vscode/extensions/ms-toolsai.jupyter-2024.4.0-linux-x64]: Extension is not compatible with Code 1.88.1. Extension requires: ^1.89.0.
2024-05-08 23:39:28.704 [error] [/home/cyrus/.vscode/extensions/ms-toolsai.jupyter-2024.4.0-linux-x64]: Extension is not compatible with Code 1.88.1. Extension requires: ^1.89.0.
2024-05-08 23:44:28.720 [error] [/home/cyrus/.vscode/extensions/ms-toolsai.jupyter-2024.4.0-linux-x64]: Extension is not compatible with Code 1.88.1. Extension requires: ^1.89.0.
2024-05-08 23:49:28.736 [error] [/home/cyrus/.vscode/extensions/ms-toolsai.jupyter-2024.4.0-linux-x64]: Extension is not compatible with Code 1.88.1. Extension requires: ^1.89.0.
2024-05-08 23:54:28.753 [error] [/home/cyrus/.vscode/extensions/ms-toolsai.jupyter-2024.4.0-linux-x64]: Extension is not compatible with Code 1.88.1. Extension requires: ^1.89.0.
2024-05-08 23:59:28.769 [error] [/home/cyrus/.vscode/extensions/ms-toolsai.jupyter-2024.4.0-linux-x64]: Extension is not compatible with Code 1.88.1. Extension requires: ^1.89.0.
2024-05-09 00:04:28.785 [error] [/home/cyrus/.vscode/extensions/ms-toolsai.jupyter-2024.4.0-linux-x64]: Extension is not compatible with Code 1.88.1. Extension requires: ^1.89.0.
2024-05-09 00:09:28.801 [error] [/home/cyrus/.vscode/extensions/ms-toolsai.jupyter-2024.4.0-linux-x64]: Extension is not compatible with Code 1.88.1. Extension requires: ^1.89.0.
2024-05-09 00:14:28.816 [error] [/home/cyrus/.vscode/extensions/ms-toolsai.jupyter-2024.4.0-linux-x64]: Extension is not compatible with Code 1.88.1. Extension requires: ^1.89.0.
2024-05-09 00:19:28.833 [error] [/home/cyrus/.vscode/extensions/ms-toolsai.jupyter-2024.4.0-linux-x64]: Extension is not compatible with Code 1.88.1. Extension requires: ^1.89.0.
2024-05-09 00:24:28.949 [error] [/home/cyrus/.vscode/extensions/ms-toolsai.jupyter-2024.4.0-linux-x64]: Extension is not compatible with Code 1.88.1. Extension requires: ^1.89.0.
2024-05-09 00:29:28.966 [error] [/home/cyrus/.vscode/extensions/ms-toolsai.jupyter-2024.4.0-linux-x64]: Extension is not compatible with Code 1.88.1. Extension requires: ^1.89.0.
2024-05-09 00:34:28.987 [error] [/home/cyrus/.vscode/extensions/ms-toolsai.jupyter-2024.4.0-linux-x64]: Extension is not compatible with Code 1.88.1. Extension requires: ^1.89.0.
2024-05-09 00:39:29.004 [error] [/home/cyrus/.vscode/extensions/ms-toolsai.jupyter-2024.4.0-linux-x64]: Extension is not compatible with Code 1.88.1. Extension requires: ^1.89.0.
2024-05-09 00:44:29.019 [error] [/home/cyrus/.vscode/extensions/ms-toolsai.jupyter-2024.4.0-linux-x64]: Extension is not compatible with Code 1.88.1. Extension requires: ^1.89.0.
2024-05-09 00:49:29.035 [error] [/home/cyrus/.vscode/extensions/ms-toolsai.jupyter-2024.4.0-linux-x64]: Extension is not compatible with Code 1.88.1. Extension requires: ^1.89.0.
2024-05-09 00:54:29.053 [error] [/home/cyrus/.vscode/extensions/ms-toolsai.jupyter-2024.4.0-linux-x64]: Extension is not compatible with Code 1.88.1. Extension requires: ^1.89.0.
2024-05-09 00:59:29.071 [error] [/home/cyrus/.vscode/extensions/ms-toolsai.jupyter-2024.4.0-linux-x64]: Extension is not compatible with Code 1.88.1. Extension requires: ^1.89.0.
2024-05-09 01:04:29.088 [error] [/home/cyrus/.vscode/extensions/ms-toolsai.jupyter-2024.4.0-linux-x64]: Extension is not compatible with Code 1.88.1. Extension requires: ^1.89.0.
2024-05-09 01:09:29.104 [error] [/home/cyrus/.vscode/extensions/ms-toolsai.jupyter-2024.4.0-linux-x64]: Extension is not compatible with Code 1.88.1. Extension requires: ^1.89.0.
2024-05-09 01:14:29.119 [error] [/home/cyrus/.vscode/extensions/ms-toolsai.jupyter-2024.4.0-linux-x64]: Extension is not compatible with Code 1.88.1. Extension requires: ^1.89.0.
