2024-05-10 20:34:05.662 [info] Log level: Info
2024-05-10 20:34:05.662 [info] Validating found git in: "git"
2024-05-10 20:34:05.662 [info] Using git "2.45.0" from "git"
2024-05-10 20:34:05.662 [info] > git rev-parse --show-toplevel [1ms]
2024-05-10 20:34:05.662 [info] fatal: not a git repository (or any of the parent directories): .git
2024-05-10 20:34:05.662 [info] > git rev-parse --show-toplevel [1ms]
2024-05-10 20:34:05.662 [info] fatal: not a git repository (or any of the parent directories): .git
2024-05-10 20:34:05.662 [info] > git rev-parse --show-toplevel [1ms]
2024-05-10 20:34:05.662 [info] fatal: not a git repository (or any of the parent directories): .git
2024-05-10 20:34:05.662 [info] > git rev-parse --show-toplevel [1ms]
2024-05-10 20:34:05.662 [info] fatal: not a git repository (or any of the parent directories): .git
2024-05-10 20:34:05.662 [info] > git rev-parse --show-toplevel [1ms]
2024-05-10 20:34:05.662 [info] fatal: not a git repository (or any of the parent directories): .git
2024-05-10 20:34:05.662 [info] > git rev-parse --show-toplevel [1ms]
2024-05-10 20:34:05.662 [info] fatal: not a git repository (or any of the parent directories): .git
2024-05-10 20:34:05.662 [info] > git rev-parse --show-toplevel [1ms]
2024-05-10 20:34:05.662 [info] fatal: not a git repository (or any of the parent directories): .git
2024-05-10 20:34:05.662 [info] > git rev-parse --show-toplevel [1ms]
2024-05-10 20:34:05.662 [info] fatal: not a git repository (or any of the parent directories): .git
2024-05-10 20:34:05.662 [info] > git rev-parse --show-toplevel [2ms]
2024-05-10 20:34:05.662 [info] fatal: not a git repository (or any of the parent directories): .git
2024-05-10 20:34:05.662 [info] > git rev-parse --show-toplevel [13ms]
2024-05-10 20:34:05.662 [info] fatal: not a git repository (or any of the parent directories): .git
2024-05-10 20:34:05.662 [info] > git rev-parse --show-toplevel [3ms]
2024-05-10 20:34:05.662 [info] fatal: not a git repository (or any of the parent directories): .git
2024-05-10 20:34:05.664 [info] > git rev-parse --show-toplevel [2ms]
2024-05-10 20:34:05.664 [info] fatal: not a git repository (or any of the parent directories): .git
2024-05-10 20:34:05.677 [info] > git rev-parse --show-toplevel [10ms]
2024-05-10 20:34:05.677 [info] fatal: not a git repository (or any of the parent directories): .git
2024-05-10 20:34:05.689 [info] > git rev-parse --show-toplevel [7ms]
2024-05-10 20:34:05.689 [info] fatal: not a git repository (or any of the parent directories): .git
2024-05-10 20:34:05.694 [info] > git rev-parse --show-toplevel [1ms]
2024-05-10 20:34:05.694 [info] fatal: not a git repository (or any of the parent directories): .git
2024-05-10 20:34:05.698 [info] > git rev-parse --show-toplevel [1ms]
2024-05-10 20:34:05.698 [info] fatal: not a git repository (or any of the parent directories): .git
2024-05-10 20:34:05.702 [info] > git rev-parse --show-toplevel [1ms]
2024-05-10 20:34:05.702 [info] fatal: not a git repository (or any of the parent directories): .git
2024-05-10 20:34:05.707 [info] > git rev-parse --show-toplevel [1ms]
2024-05-10 20:34:05.707 [info] fatal: not a git repository (or any of the parent directories): .git
2024-05-10 20:34:05.712 [info] > git rev-parse --show-toplevel [1ms]
2024-05-10 20:34:05.712 [info] fatal: not a git repository (or any of the parent directories): .git
2024-05-10 20:34:05.717 [info] > git rev-parse --show-toplevel [1ms]
2024-05-10 20:34:05.717 [info] fatal: not a git repository (or any of the parent directories): .git
2024-05-10 20:34:05.722 [info] > git rev-parse --show-toplevel [1ms]
2024-05-10 20:34:05.722 [info] fatal: not a git repository (or any of the parent directories): .git
2024-05-10 20:34:05.726 [info] > git rev-parse --show-toplevel [1ms]
2024-05-10 20:34:05.726 [info] fatal: not a git repository (or any of the parent directories): .git
2024-05-10 20:34:05.732 [info] > git rev-parse --show-toplevel [1ms]
2024-05-10 20:34:05.732 [info] fatal: not a git repository (or any of the parent directories): .git
2024-05-10 20:34:05.737 [info] > git rev-parse --show-toplevel [1ms]
2024-05-10 20:34:05.737 [info] fatal: not a git repository (or any of the parent directories): .git
2024-05-10 20:34:05.741 [info] > git rev-parse --show-toplevel [1ms]
2024-05-10 20:34:05.741 [info] fatal: not a git repository (or any of the parent directories): .git
2024-05-10 20:34:05.746 [info] > git rev-parse --show-toplevel [1ms]
2024-05-10 20:34:05.746 [info] fatal: not a git repository (or any of the parent directories): .git
2024-05-10 20:34:05.997 [info] > git rev-parse --show-toplevel [1ms]
2024-05-10 20:34:05.997 [info] fatal: not a git repository (or any of the parent directories): .git
2024-05-10 20:34:06.001 [info] > git rev-parse --show-toplevel [1ms]
2024-05-10 20:34:06.001 [info] fatal: not a git repository (or any of the parent directories): .git
2024-05-10 20:34:06.006 [info] > git rev-parse --show-toplevel [1ms]
2024-05-10 20:34:06.006 [info] fatal: not a git repository (or any of the parent directories): .git
2024-05-10 20:34:06.011 [info] > git rev-parse --show-toplevel [1ms]
2024-05-10 20:34:06.011 [info] fatal: not a git repository (or any of the parent directories): .git
2024-05-10 20:34:06.017 [info] > git rev-parse --show-toplevel [3ms]
2024-05-10 20:34:06.017 [info] fatal: not a git repository (or any of the parent directories): .git
2024-05-10 20:34:06.060 [info] > git rev-parse --show-toplevel [3ms]
2024-05-10 20:34:06.060 [info] fatal: not a git repository (or any of the parent directories): .git
2024-05-10 20:34:06.065 [info] > git rev-parse --show-toplevel [1ms]
2024-05-10 20:34:06.065 [info] fatal: not a git repository (or any of the parent directories): .git
2024-05-10 20:34:06.069 [info] > git rev-parse --show-toplevel [1ms]
2024-05-10 20:34:06.070 [info] fatal: not a git repository (or any of the parent directories): .git
2024-05-10 20:34:06.073 [info] > git rev-parse --show-toplevel [1ms]
2024-05-10 20:34:06.074 [info] fatal: not a git repository (or any of the parent directories): .git
2024-05-10 20:34:06.078 [info] > git rev-parse --show-toplevel [2ms]
2024-05-10 20:34:06.078 [info] fatal: not a git repository (or any of the parent directories): .git
2024-05-10 20:34:06.251 [info] > git rev-parse --show-toplevel [1ms]
2024-05-10 20:34:06.251 [info] fatal: not a git repository (or any of the parent directories): .git
2024-05-10 20:34:06.255 [info] > git rev-parse --show-toplevel [1ms]
2024-05-10 20:34:06.255 [info] fatal: not a git repository (or any of the parent directories): .git
2024-05-10 20:34:06.260 [info] > git rev-parse --show-toplevel [1ms]
2024-05-10 20:34:06.260 [info] fatal: not a git repository (or any of the parent directories): .git
2024-05-10 20:34:06.264 [info] > git rev-parse --show-toplevel [1ms]
2024-05-10 20:34:06.264 [info] fatal: not a git repository (or any of the parent directories): .git
2024-05-10 20:34:06.268 [info] > git rev-parse --show-toplevel [1ms]
2024-05-10 20:34:06.269 [info] fatal: not a git repository (or any of the parent directories): .git
2024-05-10 20:34:06.612 [info] > git rev-parse --show-toplevel [1ms]
2024-05-10 20:34:06.613 [info] fatal: not a git repository (or any of the parent directories): .git
2024-05-10 20:34:06.616 [info] > git rev-parse --show-toplevel [1ms]
2024-05-10 20:34:06.616 [info] fatal: not a git repository (or any of the parent directories): .git
2024-05-10 20:34:06.619 [info] > git rev-parse --show-toplevel [0ms]
2024-05-10 20:34:06.619 [info] fatal: not a git repository (or any of the parent directories): .git
2024-05-10 20:34:06.623 [info] > git rev-parse --show-toplevel [1ms]
2024-05-10 20:34:06.623 [info] fatal: not a git repository (or any of the parent directories): .git
2024-05-10 20:34:06.627 [info] > git rev-parse --show-toplevel [1ms]
2024-05-10 20:34:06.627 [info] fatal: not a git repository (or any of the parent directories): .git
2024-05-10 23:11:27.913 [info] > git rev-parse --show-toplevel [1ms]
2024-05-10 23:11:27.913 [info] fatal: not a git repository (or any of the parent directories): .git
2024-05-10 23:47:45.760 [info] > git rev-parse --show-toplevel [1ms]
2024-05-10 23:48:25.966 [info] > git rev-parse --show-toplevel [1ms]
2024-05-10 23:48:25.966 [info] fatal: not a git repository (or any of the parent directories): .git
2024-05-11 00:08:23.851 [info] > git rev-parse --show-toplevel [1ms]
2024-05-11 00:08:23.851 [info] fatal: not a git repository (or any of the parent directories): .git
2024-05-11 00:08:26.196 [info] > git rev-parse --show-toplevel [1ms]
2024-05-11 00:08:26.196 [info] fatal: not a git repository (or any of the parent directories): .git
2024-05-11 00:08:28.561 [info] > git rev-parse --show-toplevel [1ms]
2024-05-11 00:08:28.561 [info] fatal: not a git repository (or any of the parent directories): .git
2024-05-11 00:25:51.523 [info] > git rev-parse --show-toplevel [1ms]
2024-05-11 00:25:51.523 [info] fatal: not a git repository (or any of the parent directories): .git
2024-05-11 00:26:28.346 [info] > git rev-parse --show-toplevel [1ms]
2024-05-11 00:26:28.346 [info] fatal: not a git repository (or any of the parent directories): .git
2024-05-11 00:26:30.208 [info] > git rev-parse --show-toplevel [1ms]
2024-05-11 00:26:30.208 [info] fatal: not a git repository (or any of the parent directories): .git
2024-05-11 00:26:31.197 [info] > git rev-parse --show-toplevel [2ms]
2024-05-11 00:26:31.197 [info] fatal: not a git repository (or any of the parent directories): .git
2024-05-11 00:38:03.156 [info] > git rev-parse --show-toplevel [1ms]
2024-05-11 00:38:03.156 [info] fatal: not a git repository (or any of the parent directories): .git
2024-05-11 00:44:58.975 [info] > git rev-parse --show-toplevel [1ms]
